
*** Running vivado
    with args -log ALU.vds -m64 -product Vivado -mode batch -messageDb vivado.pb -notrace -source ALU.tcl


****** Vivado v2017.4.1 (64-bit)
  **** SW Build 2117270 on Tue Jan 30 15:32:00 MST 2018
  **** IP Build 2095745 on Tue Jan 30 17:13:15 MST 2018
    ** Copyright 1986-2017 Xilinx, Inc. All Rights Reserved.

source ALU.tcl -notrace
Command: synth_design -top ALU -part xc7a35tcpg236-1
Starting synth_design
Attempting to get a license for feature 'Synthesis' and/or device 'xc7a35t'
INFO: [Common 17-349] Got license for feature 'Synthesis' and/or device 'xc7a35t'
INFO: Launching helper process for spawning children vivado processes
INFO: Helper process launched with PID 8188 
---------------------------------------------------------------------------------
Starting RTL Elaboration : Time (s): cpu = 00:00:07 ; elapsed = 00:00:07 . Memory (MB): peak = 359.199 ; gain = 101.035
---------------------------------------------------------------------------------
INFO: [Synth 8-638] synthesizing module 'ALU' [C:/Users/kamin/Documents/aaaSchool/490CPU/GroupProject/GroupProject.srcs/sources_1/imports/Downloads/ALU.vhd:44]
INFO: [Synth 8-256] done synthesizing module 'ALU' (1#1) [C:/Users/kamin/Documents/aaaSchool/490CPU/GroupProject/GroupProject.srcs/sources_1/imports/Downloads/ALU.vhd:44]
WARNING: [Synth 8-3331] design ALU has unconnected port pc[31]
WARNING: [Synth 8-3331] design ALU has unconnected port pc[30]
WARNING: [Synth 8-3331] design ALU has unconnected port pc[29]
WARNING: [Synth 8-3331] design ALU has unconnected port pc[28]
WARNING: [Synth 8-3331] design ALU has unconnected port pc[27]
WARNING: [Synth 8-3331] design ALU has unconnected port pc[26]
WARNING: [Synth 8-3331] design ALU has unconnected port pc[25]
WARNING: [Synth 8-3331] design ALU has unconnected port pc[24]
WARNING: [Synth 8-3331] design ALU has unconnected port pc[23]
WARNING: [Synth 8-3331] design ALU has unconnected port pc[22]
WARNING: [Synth 8-3331] design ALU has unconnected port pc[21]
WARNING: [Synth 8-3331] design ALU has unconnected port pc[20]
WARNING: [Synth 8-3331] design ALU has unconnected port pc[19]
WARNING: [Synth 8-3331] design ALU has unconnected port pc[18]
WARNING: [Synth 8-3331] design ALU has unconnected port pc[17]
WARNING: [Synth 8-3331] design ALU has unconnected port pc[16]
WARNING: [Synth 8-3331] design ALU has unconnected port pc[15]
WARNING: [Synth 8-3331] design ALU has unconnected port pc[14]
WARNING: [Synth 8-3331] design ALU has unconnected port pc[13]
WARNING: [Synth 8-3331] design ALU has unconnected port pc[12]
WARNING: [Synth 8-3331] design ALU has unconnected port pc[11]
WARNING: [Synth 8-3331] design ALU has unconnected port pc[10]
WARNING: [Synth 8-3331] design ALU has unconnected port pc[9]
WARNING: [Synth 8-3331] design ALU has unconnected port pc[8]
WARNING: [Synth 8-3331] design ALU has unconnected port pc[7]
WARNING: [Synth 8-3331] design ALU has unconnected port pc[6]
WARNING: [Synth 8-3331] design ALU has unconnected port pc[5]
WARNING: [Synth 8-3331] design ALU has unconnected port pc[4]
WARNING: [Synth 8-3331] design ALU has unconnected port pc[3]
WARNING: [Synth 8-3331] design ALU has unconnected port pc[2]
WARNING: [Synth 8-3331] design ALU has unconnected port pc[1]
WARNING: [Synth 8-3331] design ALU has unconnected port pc[0]
---------------------------------------------------------------------------------
Finished RTL Elaboration : Time (s): cpu = 00:00:07 ; elapsed = 00:00:08 . Memory (MB): peak = 410.375 ; gain = 152.211
---------------------------------------------------------------------------------

Report Check Netlist: 
+------+------------------+-------+---------+-------+------------------+
|      |Item              |Errors |Warnings |Status |Description       |
+------+------------------+-------+---------+-------+------------------+
|1     |multi_driven_nets |      0|        0|Passed |Multi driven nets |
+------+------------------+-------+---------+-------+------------------+
---------------------------------------------------------------------------------
Finished RTL Optimization Phase 1 : Time (s): cpu = 00:00:08 ; elapsed = 00:00:08 . Memory (MB): peak = 410.375 ; gain = 152.211
---------------------------------------------------------------------------------
INFO: [Device 21-403] Loading part xc7a35tcpg236-1
INFO: [Project 1-570] Preparing netlist for logic optimization

Processing XDC Constraints
Initializing timing engine
Parsing XDC File [C:/Users/kamin/Documents/aaaSchool/490CPU/GroupProject/GroupProject.srcs/constrs_1/imports/basys3_master/Basys3_Master.xdc]
WARNING: [Vivado 12-584] No ports matched 'sw[0]'. [C:/Users/kamin/Documents/aaaSchool/490CPU/GroupProject/GroupProject.srcs/constrs_1/imports/basys3_master/Basys3_Master.xdc:12]
CRITICAL WARNING: [Common 17-55] 'set_property' expects at least one object. [C:/Users/kamin/Documents/aaaSchool/490CPU/GroupProject/GroupProject.srcs/constrs_1/imports/basys3_master/Basys3_Master.xdc:12]
Resolution: If [get_<value>] was used to populate the object, check to make sure this command returns at least one valid object.
WARNING: [Vivado 12-584] No ports matched 'sw[0]'. [C:/Users/kamin/Documents/aaaSchool/490CPU/GroupProject/GroupProject.srcs/constrs_1/imports/basys3_master/Basys3_Master.xdc:13]
CRITICAL WARNING: [Common 17-55] 'set_property' expects at least one object. [C:/Users/kamin/Documents/aaaSchool/490CPU/GroupProject/GroupProject.srcs/constrs_1/imports/basys3_master/Basys3_Master.xdc:13]
Resolution: If [get_<value>] was used to populate the object, check to make sure this command returns at least one valid object.
WARNING: [Vivado 12-584] No ports matched 'sw[1]'. [C:/Users/kamin/Documents/aaaSchool/490CPU/GroupProject/GroupProject.srcs/constrs_1/imports/basys3_master/Basys3_Master.xdc:14]
CRITICAL WARNING: [Common 17-55] 'set_property' expects at least one object. [C:/Users/kamin/Documents/aaaSchool/490CPU/GroupProject/GroupProject.srcs/constrs_1/imports/basys3_master/Basys3_Master.xdc:14]
Resolution: If [get_<value>] was used to populate the object, check to make sure this command returns at least one valid object.
WARNING: [Vivado 12-584] No ports matched 'sw[1]'. [C:/Users/kamin/Documents/aaaSchool/490CPU/GroupProject/GroupProject.srcs/constrs_1/imports/basys3_master/Basys3_Master.xdc:15]
CRITICAL WARNING: [Common 17-55] 'set_property' expects at least one object. [C:/Users/kamin/Documents/aaaSchool/490CPU/GroupProject/GroupProject.srcs/constrs_1/imports/basys3_master/Basys3_Master.xdc:15]
Resolution: If [get_<value>] was used to populate the object, check to make sure this command returns at least one valid object.
WARNING: [Vivado 12-584] No ports matched 'sw[2]'. [C:/Users/kamin/Documents/aaaSchool/490CPU/GroupProject/GroupProject.srcs/constrs_1/imports/basys3_master/Basys3_Master.xdc:16]
CRITICAL WARNING: [Common 17-55] 'set_property' expects at least one object. [C:/Users/kamin/Documents/aaaSchool/490CPU/GroupProject/GroupProject.srcs/constrs_1/imports/basys3_master/Basys3_Master.xdc:16]
Resolution: If [get_<value>] was used to populate the object, check to make sure this command returns at least one valid object.
WARNING: [Vivado 12-584] No ports matched 'sw[2]'. [C:/Users/kamin/Documents/aaaSchool/490CPU/GroupProject/GroupProject.srcs/constrs_1/imports/basys3_master/Basys3_Master.xdc:17]
CRITICAL WARNING: [Common 17-55] 'set_property' expects at least one object. [C:/Users/kamin/Documents/aaaSchool/490CPU/GroupProject/GroupProject.srcs/constrs_1/imports/basys3_master/Basys3_Master.xdc:17]
Resolution: If [get_<value>] was used to populate the object, check to make sure this command returns at least one valid object.
WARNING: [Vivado 12-584] No ports matched 'sw[3]'. [C:/Users/kamin/Documents/aaaSchool/490CPU/GroupProject/GroupProject.srcs/constrs_1/imports/basys3_master/Basys3_Master.xdc:18]
CRITICAL WARNING: [Common 17-55] 'set_property' expects at least one object. [C:/Users/kamin/Documents/aaaSchool/490CPU/GroupProject/GroupProject.srcs/constrs_1/imports/basys3_master/Basys3_Master.xdc:18]
Resolution: If [get_<value>] was used to populate the object, check to make sure this command returns at least one valid object.
WARNING: [Vivado 12-584] No ports matched 'sw[3]'. [C:/Users/kamin/Documents/aaaSchool/490CPU/GroupProject/GroupProject.srcs/constrs_1/imports/basys3_master/Basys3_Master.xdc:19]
CRITICAL WARNING: [Common 17-55] 'set_property' expects at least one object. [C:/Users/kamin/Documents/aaaSchool/490CPU/GroupProject/GroupProject.srcs/constrs_1/imports/basys3_master/Basys3_Master.xdc:19]
Resolution: If [get_<value>] was used to populate the object, check to make sure this command returns at least one valid object.
WARNING: [Vivado 12-584] No ports matched 'sw[4]'. [C:/Users/kamin/Documents/aaaSchool/490CPU/GroupProject/GroupProject.srcs/constrs_1/imports/basys3_master/Basys3_Master.xdc:20]
CRITICAL WARNING: [Common 17-55] 'set_property' expects at least one object. [C:/Users/kamin/Documents/aaaSchool/490CPU/GroupProject/GroupProject.srcs/constrs_1/imports/basys3_master/Basys3_Master.xdc:20]
Resolution: If [get_<value>] was used to populate the object, check to make sure this command returns at least one valid object.
WARNING: [Vivado 12-584] No ports matched 'sw[4]'. [C:/Users/kamin/Documents/aaaSchool/490CPU/GroupProject/GroupProject.srcs/constrs_1/imports/basys3_master/Basys3_Master.xdc:21]
CRITICAL WARNING: [Common 17-55] 'set_property' expects at least one object. [C:/Users/kamin/Documents/aaaSchool/490CPU/GroupProject/GroupProject.srcs/constrs_1/imports/basys3_master/Basys3_Master.xdc:21]
Resolution: If [get_<value>] was used to populate the object, check to make sure this command returns at least one valid object.
WARNING: [Vivado 12-584] No ports matched 'sw[5]'. [C:/Users/kamin/Documents/aaaSchool/490CPU/GroupProject/GroupProject.srcs/constrs_1/imports/basys3_master/Basys3_Master.xdc:22]
CRITICAL WARNING: [Common 17-55] 'set_property' expects at least one object. [C:/Users/kamin/Documents/aaaSchool/490CPU/GroupProject/GroupProject.srcs/constrs_1/imports/basys3_master/Basys3_Master.xdc:22]
Resolution: If [get_<value>] was used to populate the object, check to make sure this command returns at least one valid object.
WARNING: [Vivado 12-584] No ports matched 'sw[5]'. [C:/Users/kamin/Documents/aaaSchool/490CPU/GroupProject/GroupProject.srcs/constrs_1/imports/basys3_master/Basys3_Master.xdc:23]
CRITICAL WARNING: [Common 17-55] 'set_property' expects at least one object. [C:/Users/kamin/Documents/aaaSchool/490CPU/GroupProject/GroupProject.srcs/constrs_1/imports/basys3_master/Basys3_Master.xdc:23]
Resolution: If [get_<value>] was used to populate the object, check to make sure this command returns at least one valid object.
WARNING: [Vivado 12-584] No ports matched 'sw[6]'. [C:/Users/kamin/Documents/aaaSchool/490CPU/GroupProject/GroupProject.srcs/constrs_1/imports/basys3_master/Basys3_Master.xdc:24]
CRITICAL WARNING: [Common 17-55] 'set_property' expects at least one object. [C:/Users/kamin/Documents/aaaSchool/490CPU/GroupProject/GroupProject.srcs/constrs_1/imports/basys3_master/Basys3_Master.xdc:24]
Resolution: If [get_<value>] was used to populate the object, check to make sure this command returns at least one valid object.
WARNING: [Vivado 12-584] No ports matched 'sw[6]'. [C:/Users/kamin/Documents/aaaSchool/490CPU/GroupProject/GroupProject.srcs/constrs_1/imports/basys3_master/Basys3_Master.xdc:25]
CRITICAL WARNING: [Common 17-55] 'set_property' expects at least one object. [C:/Users/kamin/Documents/aaaSchool/490CPU/GroupProject/GroupProject.srcs/constrs_1/imports/basys3_master/Basys3_Master.xdc:25]
Resolution: If [get_<value>] was used to populate the object, check to make sure this command returns at least one valid object.
WARNING: [Vivado 12-584] No ports matched 'sw[7]'. [C:/Users/kamin/Documents/aaaSchool/490CPU/GroupProject/GroupProject.srcs/constrs_1/imports/basys3_master/Basys3_Master.xdc:26]
CRITICAL WARNING: [Common 17-55] 'set_property' expects at least one object. [C:/Users/kamin/Documents/aaaSchool/490CPU/GroupProject/GroupProject.srcs/constrs_1/imports/basys3_master/Basys3_Master.xdc:26]
Resolution: If [get_<value>] was used to populate the object, check to make sure this command returns at least one valid object.
WARNING: [Vivado 12-584] No ports matched 'sw[7]'. [C:/Users/kamin/Documents/aaaSchool/490CPU/GroupProject/GroupProject.srcs/constrs_1/imports/basys3_master/Basys3_Master.xdc:27]
CRITICAL WARNING: [Common 17-55] 'set_property' expects at least one object. [C:/Users/kamin/Documents/aaaSchool/490CPU/GroupProject/GroupProject.srcs/constrs_1/imports/basys3_master/Basys3_Master.xdc:27]
Resolution: If [get_<value>] was used to populate the object, check to make sure this command returns at least one valid object.
WARNING: [Vivado 12-584] No ports matched 'sw[8]'. [C:/Users/kamin/Documents/aaaSchool/490CPU/GroupProject/GroupProject.srcs/constrs_1/imports/basys3_master/Basys3_Master.xdc:28]
CRITICAL WARNING: [Common 17-55] 'set_property' expects at least one object. [C:/Users/kamin/Documents/aaaSchool/490CPU/GroupProject/GroupProject.srcs/constrs_1/imports/basys3_master/Basys3_Master.xdc:28]
Resolution: If [get_<value>] was used to populate the object, check to make sure this command returns at least one valid object.
WARNING: [Vivado 12-584] No ports matched 'sw[8]'. [C:/Users/kamin/Documents/aaaSchool/490CPU/GroupProject/GroupProject.srcs/constrs_1/imports/basys3_master/Basys3_Master.xdc:29]
CRITICAL WARNING: [Common 17-55] 'set_property' expects at least one object. [C:/Users/kamin/Documents/aaaSchool/490CPU/GroupProject/GroupProject.srcs/constrs_1/imports/basys3_master/Basys3_Master.xdc:29]
Resolution: If [get_<value>] was used to populate the object, check to make sure this command returns at least one valid object.
WARNING: [Vivado 12-584] No ports matched 'sw[9]'. [C:/Users/kamin/Documents/aaaSchool/490CPU/GroupProject/GroupProject.srcs/constrs_1/imports/basys3_master/Basys3_Master.xdc:30]
CRITICAL WARNING: [Common 17-55] 'set_property' expects at least one object. [C:/Users/kamin/Documents/aaaSchool/490CPU/GroupProject/GroupProject.srcs/constrs_1/imports/basys3_master/Basys3_Master.xdc:30]
Resolution: If [get_<value>] was used to populate the object, check to make sure this command returns at least one valid object.
WARNING: [Vivado 12-584] No ports matched 'sw[9]'. [C:/Users/kamin/Documents/aaaSchool/490CPU/GroupProject/GroupProject.srcs/constrs_1/imports/basys3_master/Basys3_Master.xdc:31]
CRITICAL WARNING: [Common 17-55] 'set_property' expects at least one object. [C:/Users/kamin/Documents/aaaSchool/490CPU/GroupProject/GroupProject.srcs/constrs_1/imports/basys3_master/Basys3_Master.xdc:31]
Resolution: If [get_<value>] was used to populate the object, check to make sure this command returns at least one valid object.
WARNING: [Vivado 12-584] No ports matched 'sw[10]'. [C:/Users/kamin/Documents/aaaSchool/490CPU/GroupProject/GroupProject.srcs/constrs_1/imports/basys3_master/Basys3_Master.xdc:32]
CRITICAL WARNING: [Common 17-55] 'set_property' expects at least one object. [C:/Users/kamin/Documents/aaaSchool/490CPU/GroupProject/GroupProject.srcs/constrs_1/imports/basys3_master/Basys3_Master.xdc:32]
Resolution: If [get_<value>] was used to populate the object, check to make sure this command returns at least one valid object.
WARNING: [Vivado 12-584] No ports matched 'sw[10]'. [C:/Users/kamin/Documents/aaaSchool/490CPU/GroupProject/GroupProject.srcs/constrs_1/imports/basys3_master/Basys3_Master.xdc:33]
CRITICAL WARNING: [Common 17-55] 'set_property' expects at least one object. [C:/Users/kamin/Documents/aaaSchool/490CPU/GroupProject/GroupProject.srcs/constrs_1/imports/basys3_master/Basys3_Master.xdc:33]
Resolution: If [get_<value>] was used to populate the object, check to make sure this command returns at least one valid object.
WARNING: [Vivado 12-584] No ports matched 'sw[11]'. [C:/Users/kamin/Documents/aaaSchool/490CPU/GroupProject/GroupProject.srcs/constrs_1/imports/basys3_master/Basys3_Master.xdc:34]
CRITICAL WARNING: [Common 17-55] 'set_property' expects at least one object. [C:/Users/kamin/Documents/aaaSchool/490CPU/GroupProject/GroupProject.srcs/constrs_1/imports/basys3_master/Basys3_Master.xdc:34]
Resolution: If [get_<value>] was used to populate the object, check to make sure this command returns at least one valid object.
WARNING: [Vivado 12-584] No ports matched 'sw[11]'. [C:/Users/kamin/Documents/aaaSchool/490CPU/GroupProject/GroupProject.srcs/constrs_1/imports/basys3_master/Basys3_Master.xdc:35]
CRITICAL WARNING: [Common 17-55] 'set_property' expects at least one object. [C:/Users/kamin/Documents/aaaSchool/490CPU/GroupProject/GroupProject.srcs/constrs_1/imports/basys3_master/Basys3_Master.xdc:35]
Resolution: If [get_<value>] was used to populate the object, check to make sure this command returns at least one valid object.
WARNING: [Vivado 12-584] No ports matched 'sw[12]'. [C:/Users/kamin/Documents/aaaSchool/490CPU/GroupProject/GroupProject.srcs/constrs_1/imports/basys3_master/Basys3_Master.xdc:36]
CRITICAL WARNING: [Common 17-55] 'set_property' expects at least one object. [C:/Users/kamin/Documents/aaaSchool/490CPU/GroupProject/GroupProject.srcs/constrs_1/imports/basys3_master/Basys3_Master.xdc:36]
Resolution: If [get_<value>] was used to populate the object, check to make sure this command returns at least one valid object.
WARNING: [Vivado 12-584] No ports matched 'sw[12]'. [C:/Users/kamin/Documents/aaaSchool/490CPU/GroupProject/GroupProject.srcs/constrs_1/imports/basys3_master/Basys3_Master.xdc:37]
CRITICAL WARNING: [Common 17-55] 'set_property' expects at least one object. [C:/Users/kamin/Documents/aaaSchool/490CPU/GroupProject/GroupProject.srcs/constrs_1/imports/basys3_master/Basys3_Master.xdc:37]
Resolution: If [get_<value>] was used to populate the object, check to make sure this command returns at least one valid object.
WARNING: [Vivado 12-584] No ports matched 'sw[13]'. [C:/Users/kamin/Documents/aaaSchool/490CPU/GroupProject/GroupProject.srcs/constrs_1/imports/basys3_master/Basys3_Master.xdc:38]
CRITICAL WARNING: [Common 17-55] 'set_property' expects at least one object. [C:/Users/kamin/Documents/aaaSchool/490CPU/GroupProject/GroupProject.srcs/constrs_1/imports/basys3_master/Basys3_Master.xdc:38]
Resolution: If [get_<value>] was used to populate the object, check to make sure this command returns at least one valid object.
WARNING: [Vivado 12-584] No ports matched 'sw[13]'. [C:/Users/kamin/Documents/aaaSchool/490CPU/GroupProject/GroupProject.srcs/constrs_1/imports/basys3_master/Basys3_Master.xdc:39]
CRITICAL WARNING: [Common 17-55] 'set_property' expects at least one object. [C:/Users/kamin/Documents/aaaSchool/490CPU/GroupProject/GroupProject.srcs/constrs_1/imports/basys3_master/Basys3_Master.xdc:39]
Resolution: If [get_<value>] was used to populate the object, check to make sure this command returns at least one valid object.
WARNING: [Vivado 12-584] No ports matched 'sw[14]'. [C:/Users/kamin/Documents/aaaSchool/490CPU/GroupProject/GroupProject.srcs/constrs_1/imports/basys3_master/Basys3_Master.xdc:40]
CRITICAL WARNING: [Common 17-55] 'set_property' expects at least one object. [C:/Users/kamin/Documents/aaaSchool/490CPU/GroupProject/GroupProject.srcs/constrs_1/imports/basys3_master/Basys3_Master.xdc:40]
Resolution: If [get_<value>] was used to populate the object, check to make sure this command returns at least one valid object.
WARNING: [Vivado 12-584] No ports matched 'sw[14]'. [C:/Users/kamin/Documents/aaaSchool/490CPU/GroupProject/GroupProject.srcs/constrs_1/imports/basys3_master/Basys3_Master.xdc:41]
CRITICAL WARNING: [Common 17-55] 'set_property' expects at least one object. [C:/Users/kamin/Documents/aaaSchool/490CPU/GroupProject/GroupProject.srcs/constrs_1/imports/basys3_master/Basys3_Master.xdc:41]
Resolution: If [get_<value>] was used to populate the object, check to make sure this command returns at least one valid object.
WARNING: [Vivado 12-584] No ports matched 'sw[15]'. [C:/Users/kamin/Documents/aaaSchool/490CPU/GroupProject/GroupProject.srcs/constrs_1/imports/basys3_master/Basys3_Master.xdc:42]
CRITICAL WARNING: [Common 17-55] 'set_property' expects at least one object. [C:/Users/kamin/Documents/aaaSchool/490CPU/GroupProject/GroupProject.srcs/constrs_1/imports/basys3_master/Basys3_Master.xdc:42]
Resolution: If [get_<value>] was used to populate the object, check to make sure this command returns at least one valid object.
WARNING: [Vivado 12-584] No ports matched 'sw[15]'. [C:/Users/kamin/Documents/aaaSchool/490CPU/GroupProject/GroupProject.srcs/constrs_1/imports/basys3_master/Basys3_Master.xdc:43]
CRITICAL WARNING: [Common 17-55] 'set_property' expects at least one object. [C:/Users/kamin/Documents/aaaSchool/490CPU/GroupProject/GroupProject.srcs/constrs_1/imports/basys3_master/Basys3_Master.xdc:43]
Resolution: If [get_<value>] was used to populate the object, check to make sure this command returns at least one valid object.
WARNING: [Vivado 12-584] No ports matched 'led[0]'. [C:/Users/kamin/Documents/aaaSchool/490CPU/GroupProject/GroupProject.srcs/constrs_1/imports/basys3_master/Basys3_Master.xdc:47]
CRITICAL WARNING: [Common 17-55] 'set_property' expects at least one object. [C:/Users/kamin/Documents/aaaSchool/490CPU/GroupProject/GroupProject.srcs/constrs_1/imports/basys3_master/Basys3_Master.xdc:47]
Resolution: If [get_<value>] was used to populate the object, check to make sure this command returns at least one valid object.
WARNING: [Vivado 12-584] No ports matched 'led[0]'. [C:/Users/kamin/Documents/aaaSchool/490CPU/GroupProject/GroupProject.srcs/constrs_1/imports/basys3_master/Basys3_Master.xdc:48]
CRITICAL WARNING: [Common 17-55] 'set_property' expects at least one object. [C:/Users/kamin/Documents/aaaSchool/490CPU/GroupProject/GroupProject.srcs/constrs_1/imports/basys3_master/Basys3_Master.xdc:48]
Resolution: If [get_<value>] was used to populate the object, check to make sure this command returns at least one valid object.
WARNING: [Vivado 12-584] No ports matched 'led[1]'. [C:/Users/kamin/Documents/aaaSchool/490CPU/GroupProject/GroupProject.srcs/constrs_1/imports/basys3_master/Basys3_Master.xdc:49]
CRITICAL WARNING: [Common 17-55] 'set_property' expects at least one object. [C:/Users/kamin/Documents/aaaSchool/490CPU/GroupProject/GroupProject.srcs/constrs_1/imports/basys3_master/Basys3_Master.xdc:49]
Resolution: If [get_<value>] was used to populate the object, check to make sure this command returns at least one valid object.
WARNING: [Vivado 12-584] No ports matched 'led[1]'. [C:/Users/kamin/Documents/aaaSchool/490CPU/GroupProject/GroupProject.srcs/constrs_1/imports/basys3_master/Basys3_Master.xdc:50]
CRITICAL WARNING: [Common 17-55] 'set_property' expects at least one object. [C:/Users/kamin/Documents/aaaSchool/490CPU/GroupProject/GroupProject.srcs/constrs_1/imports/basys3_master/Basys3_Master.xdc:50]
Resolution: If [get_<value>] was used to populate the object, check to make sure this command returns at least one valid object.
WARNING: [Vivado 12-584] No ports matched 'led[2]'. [C:/Users/kamin/Documents/aaaSchool/490CPU/GroupProject/GroupProject.srcs/constrs_1/imports/basys3_master/Basys3_Master.xdc:51]
CRITICAL WARNING: [Common 17-55] 'set_property' expects at least one object. [C:/Users/kamin/Documents/aaaSchool/490CPU/GroupProject/GroupProject.srcs/constrs_1/imports/basys3_master/Basys3_Master.xdc:51]
Resolution: If [get_<value>] was used to populate the object, check to make sure this command returns at least one valid object.
WARNING: [Vivado 12-584] No ports matched 'led[2]'. [C:/Users/kamin/Documents/aaaSchool/490CPU/GroupProject/GroupProject.srcs/constrs_1/imports/basys3_master/Basys3_Master.xdc:52]
CRITICAL WARNING: [Common 17-55] 'set_property' expects at least one object. [C:/Users/kamin/Documents/aaaSchool/490CPU/GroupProject/GroupProject.srcs/constrs_1/imports/basys3_master/Basys3_Master.xdc:52]
Resolution: If [get_<value>] was used to populate the object, check to make sure this command returns at least one valid object.
WARNING: [Vivado 12-584] No ports matched 'led[3]'. [C:/Users/kamin/Documents/aaaSchool/490CPU/GroupProject/GroupProject.srcs/constrs_1/imports/basys3_master/Basys3_Master.xdc:53]
CRITICAL WARNING: [Common 17-55] 'set_property' expects at least one object. [C:/Users/kamin/Documents/aaaSchool/490CPU/GroupProject/GroupProject.srcs/constrs_1/imports/basys3_master/Basys3_Master.xdc:53]
Resolution: If [get_<value>] was used to populate the object, check to make sure this command returns at least one valid object.
WARNING: [Vivado 12-584] No ports matched 'led[3]'. [C:/Users/kamin/Documents/aaaSchool/490CPU/GroupProject/GroupProject.srcs/constrs_1/imports/basys3_master/Basys3_Master.xdc:54]
CRITICAL WARNING: [Common 17-55] 'set_property' expects at least one object. [C:/Users/kamin/Documents/aaaSchool/490CPU/GroupProject/GroupProject.srcs/constrs_1/imports/basys3_master/Basys3_Master.xdc:54]
Resolution: If [get_<value>] was used to populate the object, check to make sure this command returns at least one valid object.
WARNING: [Vivado 12-584] No ports matched 'led[4]'. [C:/Users/kamin/Documents/aaaSchool/490CPU/GroupProject/GroupProject.srcs/constrs_1/imports/basys3_master/Basys3_Master.xdc:55]
CRITICAL WARNING: [Common 17-55] 'set_property' expects at least one object. [C:/Users/kamin/Documents/aaaSchool/490CPU/GroupProject/GroupProject.srcs/constrs_1/imports/basys3_master/Basys3_Master.xdc:55]
Resolution: If [get_<value>] was used to populate the object, check to make sure this command returns at least one valid object.
WARNING: [Vivado 12-584] No ports matched 'led[4]'. [C:/Users/kamin/Documents/aaaSchool/490CPU/GroupProject/GroupProject.srcs/constrs_1/imports/basys3_master/Basys3_Master.xdc:56]
CRITICAL WARNING: [Common 17-55] 'set_property' expects at least one object. [C:/Users/kamin/Documents/aaaSchool/490CPU/GroupProject/GroupProject.srcs/constrs_1/imports/basys3_master/Basys3_Master.xdc:56]
Resolution: If [get_<value>] was used to populate the object, check to make sure this command returns at least one valid object.
WARNING: [Vivado 12-584] No ports matched 'led[5]'. [C:/Users/kamin/Documents/aaaSchool/490CPU/GroupProject/GroupProject.srcs/constrs_1/imports/basys3_master/Basys3_Master.xdc:57]
CRITICAL WARNING: [Common 17-55] 'set_property' expects at least one object. [C:/Users/kamin/Documents/aaaSchool/490CPU/GroupProject/GroupProject.srcs/constrs_1/imports/basys3_master/Basys3_Master.xdc:57]
Resolution: If [get_<value>] was used to populate the object, check to make sure this command returns at least one valid object.
WARNING: [Vivado 12-584] No ports matched 'led[5]'. [C:/Users/kamin/Documents/aaaSchool/490CPU/GroupProject/GroupProject.srcs/constrs_1/imports/basys3_master/Basys3_Master.xdc:58]
CRITICAL WARNING: [Common 17-55] 'set_property' expects at least one object. [C:/Users/kamin/Documents/aaaSchool/490CPU/GroupProject/GroupProject.srcs/constrs_1/imports/basys3_master/Basys3_Master.xdc:58]
Resolution: If [get_<value>] was used to populate the object, check to make sure this command returns at least one valid object.
WARNING: [Vivado 12-584] No ports matched 'led[6]'. [C:/Users/kamin/Documents/aaaSchool/490CPU/GroupProject/GroupProject.srcs/constrs_1/imports/basys3_master/Basys3_Master.xdc:59]
CRITICAL WARNING: [Common 17-55] 'set_property' expects at least one object. [C:/Users/kamin/Documents/aaaSchool/490CPU/GroupProject/GroupProject.srcs/constrs_1/imports/basys3_master/Basys3_Master.xdc:59]
Resolution: If [get_<value>] was used to populate the object, check to make sure this command returns at least one valid object.
WARNING: [Vivado 12-584] No ports matched 'led[6]'. [C:/Users/kamin/Documents/aaaSchool/490CPU/GroupProject/GroupProject.srcs/constrs_1/imports/basys3_master/Basys3_Master.xdc:60]
CRITICAL WARNING: [Common 17-55] 'set_property' expects at least one object. [C:/Users/kamin/Documents/aaaSchool/490CPU/GroupProject/GroupProject.srcs/constrs_1/imports/basys3_master/Basys3_Master.xdc:60]
Resolution: If [get_<value>] was used to populate the object, check to make sure this command returns at least one valid object.
WARNING: [Vivado 12-584] No ports matched 'led[7]'. [C:/Users/kamin/Documents/aaaSchool/490CPU/GroupProject/GroupProject.srcs/constrs_1/imports/basys3_master/Basys3_Master.xdc:61]
CRITICAL WARNING: [Common 17-55] 'set_property' expects at least one object. [C:/Users/kamin/Documents/aaaSchool/490CPU/GroupProject/GroupProject.srcs/constrs_1/imports/basys3_master/Basys3_Master.xdc:61]
Resolution: If [get_<value>] was used to populate the object, check to make sure this command returns at least one valid object.
WARNING: [Vivado 12-584] No ports matched 'led[7]'. [C:/Users/kamin/Documents/aaaSchool/490CPU/GroupProject/GroupProject.srcs/constrs_1/imports/basys3_master/Basys3_Master.xdc:62]
CRITICAL WARNING: [Common 17-55] 'set_property' expects at least one object. [C:/Users/kamin/Documents/aaaSchool/490CPU/GroupProject/GroupProject.srcs/constrs_1/imports/basys3_master/Basys3_Master.xdc:62]
Resolution: If [get_<value>] was used to populate the object, check to make sure this command returns at least one valid object.
WARNING: [Vivado 12-584] No ports matched 'led[8]'. [C:/Users/kamin/Documents/aaaSchool/490CPU/GroupProject/GroupProject.srcs/constrs_1/imports/basys3_master/Basys3_Master.xdc:63]
CRITICAL WARNING: [Common 17-55] 'set_property' expects at least one object. [C:/Users/kamin/Documents/aaaSchool/490CPU/GroupProject/GroupProject.srcs/constrs_1/imports/basys3_master/Basys3_Master.xdc:63]
Resolution: If [get_<value>] was used to populate the object, check to make sure this command returns at least one valid object.
WARNING: [Vivado 12-584] No ports matched 'led[8]'. [C:/Users/kamin/Documents/aaaSchool/490CPU/GroupProject/GroupProject.srcs/constrs_1/imports/basys3_master/Basys3_Master.xdc:64]
CRITICAL WARNING: [Common 17-55] 'set_property' expects at least one object. [C:/Users/kamin/Documents/aaaSchool/490CPU/GroupProject/GroupProject.srcs/constrs_1/imports/basys3_master/Basys3_Master.xdc:64]
Resolution: If [get_<value>] was used to populate the object, check to make sure this command returns at least one valid object.
WARNING: [Vivado 12-584] No ports matched 'led[9]'. [C:/Users/kamin/Documents/aaaSchool/490CPU/GroupProject/GroupProject.srcs/constrs_1/imports/basys3_master/Basys3_Master.xdc:65]
CRITICAL WARNING: [Common 17-55] 'set_property' expects at least one object. [C:/Users/kamin/Documents/aaaSchool/490CPU/GroupProject/GroupProject.srcs/constrs_1/imports/basys3_master/Basys3_Master.xdc:65]
Resolution: If [get_<value>] was used to populate the object, check to make sure this command returns at least one valid object.
WARNING: [Vivado 12-584] No ports matched 'led[9]'. [C:/Users/kamin/Documents/aaaSchool/490CPU/GroupProject/GroupProject.srcs/constrs_1/imports/basys3_master/Basys3_Master.xdc:66]
CRITICAL WARNING: [Common 17-55] 'set_property' expects at least one object. [C:/Users/kamin/Documents/aaaSchool/490CPU/GroupProject/GroupProject.srcs/constrs_1/imports/basys3_master/Basys3_Master.xdc:66]
Resolution: If [get_<value>] was used to populate the object, check to make sure this command returns at least one valid object.
WARNING: [Vivado 12-584] No ports matched 'led[10]'. [C:/Users/kamin/Documents/aaaSchool/490CPU/GroupProject/GroupProject.srcs/constrs_1/imports/basys3_master/Basys3_Master.xdc:67]
CRITICAL WARNING: [Common 17-55] 'set_property' expects at least one object. [C:/Users/kamin/Documents/aaaSchool/490CPU/GroupProject/GroupProject.srcs/constrs_1/imports/basys3_master/Basys3_Master.xdc:67]
Resolution: If [get_<value>] was used to populate the object, check to make sure this command returns at least one valid object.
WARNING: [Vivado 12-584] No ports matched 'led[10]'. [C:/Users/kamin/Documents/aaaSchool/490CPU/GroupProject/GroupProject.srcs/constrs_1/imports/basys3_master/Basys3_Master.xdc:68]
CRITICAL WARNING: [Common 17-55] 'set_property' expects at least one object. [C:/Users/kamin/Documents/aaaSchool/490CPU/GroupProject/GroupProject.srcs/constrs_1/imports/basys3_master/Basys3_Master.xdc:68]
Resolution: If [get_<value>] was used to populate the object, check to make sure this command returns at least one valid object.
WARNING: [Vivado 12-584] No ports matched 'led[11]'. [C:/Users/kamin/Documents/aaaSchool/490CPU/GroupProject/GroupProject.srcs/constrs_1/imports/basys3_master/Basys3_Master.xdc:69]
CRITICAL WARNING: [Common 17-55] 'set_property' expects at least one object. [C:/Users/kamin/Documents/aaaSchool/490CPU/GroupProject/GroupProject.srcs/constrs_1/imports/basys3_master/Basys3_Master.xdc:69]
Resolution: If [get_<value>] was used to populate the object, check to make sure this command returns at least one valid object.
WARNING: [Vivado 12-584] No ports matched 'led[11]'. [C:/Users/kamin/Documents/aaaSchool/490CPU/GroupProject/GroupProject.srcs/constrs_1/imports/basys3_master/Basys3_Master.xdc:70]
CRITICAL WARNING: [Common 17-55] 'set_property' expects at least one object. [C:/Users/kamin/Documents/aaaSchool/490CPU/GroupProject/GroupProject.srcs/constrs_1/imports/basys3_master/Basys3_Master.xdc:70]
Resolution: If [get_<value>] was used to populate the object, check to make sure this command returns at least one valid object.
WARNING: [Vivado 12-584] No ports matched 'led[12]'. [C:/Users/kamin/Documents/aaaSchool/490CPU/GroupProject/GroupProject.srcs/constrs_1/imports/basys3_master/Basys3_Master.xdc:71]
CRITICAL WARNING: [Common 17-55] 'set_property' expects at least one object. [C:/Users/kamin/Documents/aaaSchool/490CPU/GroupProject/GroupProject.srcs/constrs_1/imports/basys3_master/Basys3_Master.xdc:71]
Resolution: If [get_<value>] was used to populate the object, check to make sure this command returns at least one valid object.
WARNING: [Vivado 12-584] No ports matched 'led[12]'. [C:/Users/kamin/Documents/aaaSchool/490CPU/GroupProject/GroupProject.srcs/constrs_1/imports/basys3_master/Basys3_Master.xdc:72]
CRITICAL WARNING: [Common 17-55] 'set_property' expects at least one object. [C:/Users/kamin/Documents/aaaSchool/490CPU/GroupProject/GroupProject.srcs/constrs_1/imports/basys3_master/Basys3_Master.xdc:72]
Resolution: If [get_<value>] was used to populate the object, check to make sure this command returns at least one valid object.
WARNING: [Vivado 12-584] No ports matched 'led[13]'. [C:/Users/kamin/Documents/aaaSchool/490CPU/GroupProject/GroupProject.srcs/constrs_1/imports/basys3_master/Basys3_Master.xdc:73]
CRITICAL WARNING: [Common 17-55] 'set_property' expects at least one object. [C:/Users/kamin/Documents/aaaSchool/490CPU/GroupProject/GroupProject.srcs/constrs_1/imports/basys3_master/Basys3_Master.xdc:73]
Resolution: If [get_<value>] was used to populate the object, check to make sure this command returns at least one valid object.
WARNING: [Vivado 12-584] No ports matched 'led[13]'. [C:/Users/kamin/Documents/aaaSchool/490CPU/GroupProject/GroupProject.srcs/constrs_1/imports/basys3_master/Basys3_Master.xdc:74]
CRITICAL WARNING: [Common 17-55] 'set_property' expects at least one object. [C:/Users/kamin/Documents/aaaSchool/490CPU/GroupProject/GroupProject.srcs/constrs_1/imports/basys3_master/Basys3_Master.xdc:74]
Resolution: If [get_<value>] was used to populate the object, check to make sure this command returns at least one valid object.
WARNING: [Vivado 12-584] No ports matched 'led[14]'. [C:/Users/kamin/Documents/aaaSchool/490CPU/GroupProject/GroupProject.srcs/constrs_1/imports/basys3_master/Basys3_Master.xdc:75]
CRITICAL WARNING: [Common 17-55] 'set_property' expects at least one object. [C:/Users/kamin/Documents/aaaSchool/490CPU/GroupProject/GroupProject.srcs/constrs_1/imports/basys3_master/Basys3_Master.xdc:75]
Resolution: If [get_<value>] was used to populate the object, check to make sure this command returns at least one valid object.
WARNING: [Vivado 12-584] No ports matched 'led[14]'. [C:/Users/kamin/Documents/aaaSchool/490CPU/GroupProject/GroupProject.srcs/constrs_1/imports/basys3_master/Basys3_Master.xdc:76]
CRITICAL WARNING: [Common 17-55] 'set_property' expects at least one object. [C:/Users/kamin/Documents/aaaSchool/490CPU/GroupProject/GroupProject.srcs/constrs_1/imports/basys3_master/Basys3_Master.xdc:76]
Resolution: If [get_<value>] was used to populate the object, check to make sure this command returns at least one valid object.
WARNING: [Vivado 12-584] No ports matched 'led[15]'. [C:/Users/kamin/Documents/aaaSchool/490CPU/GroupProject/GroupProject.srcs/constrs_1/imports/basys3_master/Basys3_Master.xdc:77]
CRITICAL WARNING: [Common 17-55] 'set_property' expects at least one object. [C:/Users/kamin/Documents/aaaSchool/490CPU/GroupProject/GroupProject.srcs/constrs_1/imports/basys3_master/Basys3_Master.xdc:77]
Resolution: If [get_<value>] was used to populate the object, check to make sure this command returns at least one valid object.
WARNING: [Vivado 12-584] No ports matched 'led[15]'. [C:/Users/kamin/Documents/aaaSchool/490CPU/GroupProject/GroupProject.srcs/constrs_1/imports/basys3_master/Basys3_Master.xdc:78]
CRITICAL WARNING: [Common 17-55] 'set_property' expects at least one object. [C:/Users/kamin/Documents/aaaSchool/490CPU/GroupProject/GroupProject.srcs/constrs_1/imports/basys3_master/Basys3_Master.xdc:78]
Resolution: If [get_<value>] was used to populate the object, check to make sure this command returns at least one valid object.
WARNING: [Vivado 12-584] No ports matched 'seg[0]'. [C:/Users/kamin/Documents/aaaSchool/490CPU/GroupProject/GroupProject.srcs/constrs_1/imports/basys3_master/Basys3_Master.xdc:82]
CRITICAL WARNING: [Common 17-55] 'set_property' expects at least one object. [C:/Users/kamin/Documents/aaaSchool/490CPU/GroupProject/GroupProject.srcs/constrs_1/imports/basys3_master/Basys3_Master.xdc:82]
Resolution: If [get_<value>] was used to populate the object, check to make sure this command returns at least one valid object.
WARNING: [Vivado 12-584] No ports matched 'seg[0]'. [C:/Users/kamin/Documents/aaaSchool/490CPU/GroupProject/GroupProject.srcs/constrs_1/imports/basys3_master/Basys3_Master.xdc:83]
CRITICAL WARNING: [Common 17-55] 'set_property' expects at least one object. [C:/Users/kamin/Documents/aaaSchool/490CPU/GroupProject/GroupProject.srcs/constrs_1/imports/basys3_master/Basys3_Master.xdc:83]
Resolution: If [get_<value>] was used to populate the object, check to make sure this command returns at least one valid object.
WARNING: [Vivado 12-584] No ports matched 'seg[1]'. [C:/Users/kamin/Documents/aaaSchool/490CPU/GroupProject/GroupProject.srcs/constrs_1/imports/basys3_master/Basys3_Master.xdc:84]
CRITICAL WARNING: [Common 17-55] 'set_property' expects at least one object. [C:/Users/kamin/Documents/aaaSchool/490CPU/GroupProject/GroupProject.srcs/constrs_1/imports/basys3_master/Basys3_Master.xdc:84]
Resolution: If [get_<value>] was used to populate the object, check to make sure this command returns at least one valid object.
WARNING: [Vivado 12-584] No ports matched 'seg[1]'. [C:/Users/kamin/Documents/aaaSchool/490CPU/GroupProject/GroupProject.srcs/constrs_1/imports/basys3_master/Basys3_Master.xdc:85]
CRITICAL WARNING: [Common 17-55] 'set_property' expects at least one object. [C:/Users/kamin/Documents/aaaSchool/490CPU/GroupProject/GroupProject.srcs/constrs_1/imports/basys3_master/Basys3_Master.xdc:85]
Resolution: If [get_<value>] was used to populate the object, check to make sure this command returns at least one valid object.
WARNING: [Vivado 12-584] No ports matched 'seg[2]'. [C:/Users/kamin/Documents/aaaSchool/490CPU/GroupProject/GroupProject.srcs/constrs_1/imports/basys3_master/Basys3_Master.xdc:86]
CRITICAL WARNING: [Common 17-55] 'set_property' expects at least one object. [C:/Users/kamin/Documents/aaaSchool/490CPU/GroupProject/GroupProject.srcs/constrs_1/imports/basys3_master/Basys3_Master.xdc:86]
Resolution: If [get_<value>] was used to populate the object, check to make sure this command returns at least one valid object.
WARNING: [Vivado 12-584] No ports matched 'seg[2]'. [C:/Users/kamin/Documents/aaaSchool/490CPU/GroupProject/GroupProject.srcs/constrs_1/imports/basys3_master/Basys3_Master.xdc:87]
CRITICAL WARNING: [Common 17-55] 'set_property' expects at least one object. [C:/Users/kamin/Documents/aaaSchool/490CPU/GroupProject/GroupProject.srcs/constrs_1/imports/basys3_master/Basys3_Master.xdc:87]
Resolution: If [get_<value>] was used to populate the object, check to make sure this command returns at least one valid object.
WARNING: [Vivado 12-584] No ports matched 'seg[3]'. [C:/Users/kamin/Documents/aaaSchool/490CPU/GroupProject/GroupProject.srcs/constrs_1/imports/basys3_master/Basys3_Master.xdc:88]
CRITICAL WARNING: [Common 17-55] 'set_property' expects at least one object. [C:/Users/kamin/Documents/aaaSchool/490CPU/GroupProject/GroupProject.srcs/constrs_1/imports/basys3_master/Basys3_Master.xdc:88]
Resolution: If [get_<value>] was used to populate the object, check to make sure this command returns at least one valid object.
WARNING: [Vivado 12-584] No ports matched 'seg[3]'. [C:/Users/kamin/Documents/aaaSchool/490CPU/GroupProject/GroupProject.srcs/constrs_1/imports/basys3_master/Basys3_Master.xdc:89]
CRITICAL WARNING: [Common 17-55] 'set_property' expects at least one object. [C:/Users/kamin/Documents/aaaSchool/490CPU/GroupProject/GroupProject.srcs/constrs_1/imports/basys3_master/Basys3_Master.xdc:89]
Resolution: If [get_<value>] was used to populate the object, check to make sure this command returns at least one valid object.
WARNING: [Vivado 12-584] No ports matched 'seg[4]'. [C:/Users/kamin/Documents/aaaSchool/490CPU/GroupProject/GroupProject.srcs/constrs_1/imports/basys3_master/Basys3_Master.xdc:90]
CRITICAL WARNING: [Common 17-55] 'set_property' expects at least one object. [C:/Users/kamin/Documents/aaaSchool/490CPU/GroupProject/GroupProject.srcs/constrs_1/imports/basys3_master/Basys3_Master.xdc:90]
Resolution: If [get_<value>] was used to populate the object, check to make sure this command returns at least one valid object.
WARNING: [Vivado 12-584] No ports matched 'seg[4]'. [C:/Users/kamin/Documents/aaaSchool/490CPU/GroupProject/GroupProject.srcs/constrs_1/imports/basys3_master/Basys3_Master.xdc:91]
CRITICAL WARNING: [Common 17-55] 'set_property' expects at least one object. [C:/Users/kamin/Documents/aaaSchool/490CPU/GroupProject/GroupProject.srcs/constrs_1/imports/basys3_master/Basys3_Master.xdc:91]
Resolution: If [get_<value>] was used to populate the object, check to make sure this command returns at least one valid object.
WARNING: [Vivado 12-584] No ports matched 'seg[5]'. [C:/Users/kamin/Documents/aaaSchool/490CPU/GroupProject/GroupProject.srcs/constrs_1/imports/basys3_master/Basys3_Master.xdc:92]
CRITICAL WARNING: [Common 17-55] 'set_property' expects at least one object. [C:/Users/kamin/Documents/aaaSchool/490CPU/GroupProject/GroupProject.srcs/constrs_1/imports/basys3_master/Basys3_Master.xdc:92]
Resolution: If [get_<value>] was used to populate the object, check to make sure this command returns at least one valid object.
WARNING: [Vivado 12-584] No ports matched 'seg[5]'. [C:/Users/kamin/Documents/aaaSchool/490CPU/GroupProject/GroupProject.srcs/constrs_1/imports/basys3_master/Basys3_Master.xdc:93]
CRITICAL WARNING: [Common 17-55] 'set_property' expects at least one object. [C:/Users/kamin/Documents/aaaSchool/490CPU/GroupProject/GroupProject.srcs/constrs_1/imports/basys3_master/Basys3_Master.xdc:93]
Resolution: If [get_<value>] was used to populate the object, check to make sure this command returns at least one valid object.
WARNING: [Vivado 12-584] No ports matched 'seg[6]'. [C:/Users/kamin/Documents/aaaSchool/490CPU/GroupProject/GroupProject.srcs/constrs_1/imports/basys3_master/Basys3_Master.xdc:94]
CRITICAL WARNING: [Common 17-55] 'set_property' expects at least one object. [C:/Users/kamin/Documents/aaaSchool/490CPU/GroupProject/GroupProject.srcs/constrs_1/imports/basys3_master/Basys3_Master.xdc:94]
Resolution: If [get_<value>] was used to populate the object, check to make sure this command returns at least one valid object.
WARNING: [Vivado 12-584] No ports matched 'seg[6]'. [C:/Users/kamin/Documents/aaaSchool/490CPU/GroupProject/GroupProject.srcs/constrs_1/imports/basys3_master/Basys3_Master.xdc:95]
CRITICAL WARNING: [Common 17-55] 'set_property' expects at least one object. [C:/Users/kamin/Documents/aaaSchool/490CPU/GroupProject/GroupProject.srcs/constrs_1/imports/basys3_master/Basys3_Master.xdc:95]
Resolution: If [get_<value>] was used to populate the object, check to make sure this command returns at least one valid object.
WARNING: [Vivado 12-584] No ports matched 'dp'. [C:/Users/kamin/Documents/aaaSchool/490CPU/GroupProject/GroupProject.srcs/constrs_1/imports/basys3_master/Basys3_Master.xdc:97]
CRITICAL WARNING: [Common 17-55] 'set_property' expects at least one object. [C:/Users/kamin/Documents/aaaSchool/490CPU/GroupProject/GroupProject.srcs/constrs_1/imports/basys3_master/Basys3_Master.xdc:97]
Resolution: If [get_<value>] was used to populate the object, check to make sure this command returns at least one valid object.
WARNING: [Vivado 12-584] No ports matched 'dp'. [C:/Users/kamin/Documents/aaaSchool/490CPU/GroupProject/GroupProject.srcs/constrs_1/imports/basys3_master/Basys3_Master.xdc:98]
CRITICAL WARNING: [Common 17-55] 'set_property' expects at least one object. [C:/Users/kamin/Documents/aaaSchool/490CPU/GroupProject/GroupProject.srcs/constrs_1/imports/basys3_master/Basys3_Master.xdc:98]
Resolution: If [get_<value>] was used to populate the object, check to make sure this command returns at least one valid object.
WARNING: [Vivado 12-584] No ports matched 'an[0]'. [C:/Users/kamin/Documents/aaaSchool/490CPU/GroupProject/GroupProject.srcs/constrs_1/imports/basys3_master/Basys3_Master.xdc:100]
CRITICAL WARNING: [Common 17-55] 'set_property' expects at least one object. [C:/Users/kamin/Documents/aaaSchool/490CPU/GroupProject/GroupProject.srcs/constrs_1/imports/basys3_master/Basys3_Master.xdc:100]
Resolution: If [get_<value>] was used to populate the object, check to make sure this command returns at least one valid object.
WARNING: [Vivado 12-584] No ports matched 'an[0]'. [C:/Users/kamin/Documents/aaaSchool/490CPU/GroupProject/GroupProject.srcs/constrs_1/imports/basys3_master/Basys3_Master.xdc:101]
CRITICAL WARNING: [Common 17-55] 'set_property' expects at least one object. [C:/Users/kamin/Documents/aaaSchool/490CPU/GroupProject/GroupProject.srcs/constrs_1/imports/basys3_master/Basys3_Master.xdc:101]
Resolution: If [get_<value>] was used to populate the object, check to make sure this command returns at least one valid object.
WARNING: [Vivado 12-584] No ports matched 'an[1]'. [C:/Users/kamin/Documents/aaaSchool/490CPU/GroupProject/GroupProject.srcs/constrs_1/imports/basys3_master/Basys3_Master.xdc:102]
CRITICAL WARNING: [Common 17-55] 'set_property' expects at least one object. [C:/Users/kamin/Documents/aaaSchool/490CPU/GroupProject/GroupProject.srcs/constrs_1/imports/basys3_master/Basys3_Master.xdc:102]
Resolution: If [get_<value>] was used to populate the object, check to make sure this command returns at least one valid object.
WARNING: [Vivado 12-584] No ports matched 'an[1]'. [C:/Users/kamin/Documents/aaaSchool/490CPU/GroupProject/GroupProject.srcs/constrs_1/imports/basys3_master/Basys3_Master.xdc:103]
CRITICAL WARNING: [Common 17-55] 'set_property' expects at least one object. [C:/Users/kamin/Documents/aaaSchool/490CPU/GroupProject/GroupProject.srcs/constrs_1/imports/basys3_master/Basys3_Master.xdc:103]
Resolution: If [get_<value>] was used to populate the object, check to make sure this command returns at least one valid object.
WARNING: [Vivado 12-584] No ports matched 'an[2]'. [C:/Users/kamin/Documents/aaaSchool/490CPU/GroupProject/GroupProject.srcs/constrs_1/imports/basys3_master/Basys3_Master.xdc:104]
CRITICAL WARNING: [Common 17-55] 'set_property' expects at least one object. [C:/Users/kamin/Documents/aaaSchool/490CPU/GroupProject/GroupProject.srcs/constrs_1/imports/basys3_master/Basys3_Master.xdc:104]
Resolution: If [get_<value>] was used to populate the object, check to make sure this command returns at least one valid object.
WARNING: [Vivado 12-584] No ports matched 'an[2]'. [C:/Users/kamin/Documents/aaaSchool/490CPU/GroupProject/GroupProject.srcs/constrs_1/imports/basys3_master/Basys3_Master.xdc:105]
CRITICAL WARNING: [Common 17-55] 'set_property' expects at least one object. [C:/Users/kamin/Documents/aaaSchool/490CPU/GroupProject/GroupProject.srcs/constrs_1/imports/basys3_master/Basys3_Master.xdc:105]
Resolution: If [get_<value>] was used to populate the object, check to make sure this command returns at least one valid object.
WARNING: [Vivado 12-584] No ports matched 'an[3]'. [C:/Users/kamin/Documents/aaaSchool/490CPU/GroupProject/GroupProject.srcs/constrs_1/imports/basys3_master/Basys3_Master.xdc:106]
CRITICAL WARNING: [Common 17-55] 'set_property' expects at least one object. [C:/Users/kamin/Documents/aaaSchool/490CPU/GroupProject/GroupProject.srcs/constrs_1/imports/basys3_master/Basys3_Master.xdc:106]
Resolution: If [get_<value>] was used to populate the object, check to make sure this command returns at least one valid object.
WARNING: [Vivado 12-584] No ports matched 'an[3]'. [C:/Users/kamin/Documents/aaaSchool/490CPU/GroupProject/GroupProject.srcs/constrs_1/imports/basys3_master/Basys3_Master.xdc:107]
CRITICAL WARNING: [Common 17-55] 'set_property' expects at least one object. [C:/Users/kamin/Documents/aaaSchool/490CPU/GroupProject/GroupProject.srcs/constrs_1/imports/basys3_master/Basys3_Master.xdc:107]
Resolution: If [get_<value>] was used to populate the object, check to make sure this command returns at least one valid object.
WARNING: [Vivado 12-584] No ports matched 'btnC'. [C:/Users/kamin/Documents/aaaSchool/490CPU/GroupProject/GroupProject.srcs/constrs_1/imports/basys3_master/Basys3_Master.xdc:111]
CRITICAL WARNING: [Common 17-55] 'set_property' expects at least one object. [C:/Users/kamin/Documents/aaaSchool/490CPU/GroupProject/GroupProject.srcs/constrs_1/imports/basys3_master/Basys3_Master.xdc:111]
Resolution: If [get_<value>] was used to populate the object, check to make sure this command returns at least one valid object.
WARNING: [Vivado 12-584] No ports matched 'btnC'. [C:/Users/kamin/Documents/aaaSchool/490CPU/GroupProject/GroupProject.srcs/constrs_1/imports/basys3_master/Basys3_Master.xdc:112]
CRITICAL WARNING: [Common 17-55] 'set_property' expects at least one object. [C:/Users/kamin/Documents/aaaSchool/490CPU/GroupProject/GroupProject.srcs/constrs_1/imports/basys3_master/Basys3_Master.xdc:112]
Resolution: If [get_<value>] was used to populate the object, check to make sure this command returns at least one valid object.
WARNING: [Vivado 12-584] No ports matched 'btnU'. [C:/Users/kamin/Documents/aaaSchool/490CPU/GroupProject/GroupProject.srcs/constrs_1/imports/basys3_master/Basys3_Master.xdc:113]
CRITICAL WARNING: [Common 17-55] 'set_property' expects at least one object. [C:/Users/kamin/Documents/aaaSchool/490CPU/GroupProject/GroupProject.srcs/constrs_1/imports/basys3_master/Basys3_Master.xdc:113]
Resolution: If [get_<value>] was used to populate the object, check to make sure this command returns at least one valid object.
WARNING: [Vivado 12-584] No ports matched 'btnU'. [C:/Users/kamin/Documents/aaaSchool/490CPU/GroupProject/GroupProject.srcs/constrs_1/imports/basys3_master/Basys3_Master.xdc:114]
CRITICAL WARNING: [Common 17-55] 'set_property' expects at least one object. [C:/Users/kamin/Documents/aaaSchool/490CPU/GroupProject/GroupProject.srcs/constrs_1/imports/basys3_master/Basys3_Master.xdc:114]
Resolution: If [get_<value>] was used to populate the object, check to make sure this command returns at least one valid object.
WARNING: [Vivado 12-584] No ports matched 'btnL'. [C:/Users/kamin/Documents/aaaSchool/490CPU/GroupProject/GroupProject.srcs/constrs_1/imports/basys3_master/Basys3_Master.xdc:115]
CRITICAL WARNING: [Common 17-55] 'set_property' expects at least one object. [C:/Users/kamin/Documents/aaaSchool/490CPU/GroupProject/GroupProject.srcs/constrs_1/imports/basys3_master/Basys3_Master.xdc:115]
Resolution: If [get_<value>] was used to populate the object, check to make sure this command returns at least one valid object.
WARNING: [Vivado 12-584] No ports matched 'btnL'. [C:/Users/kamin/Documents/aaaSchool/490CPU/GroupProject/GroupProject.srcs/constrs_1/imports/basys3_master/Basys3_Master.xdc:116]
CRITICAL WARNING: [Common 17-55] 'set_property' expects at least one object. [C:/Users/kamin/Documents/aaaSchool/490CPU/GroupProject/GroupProject.srcs/constrs_1/imports/basys3_master/Basys3_Master.xdc:116]
Resolution: If [get_<value>] was used to populate the object, check to make sure this command returns at least one valid object.
WARNING: [Vivado 12-584] No ports matched 'btnR'. [C:/Users/kamin/Documents/aaaSchool/490CPU/GroupProject/GroupProject.srcs/constrs_1/imports/basys3_master/Basys3_Master.xdc:117]
CRITICAL WARNING: [Common 17-55] 'set_property' expects at least one object. [C:/Users/kamin/Documents/aaaSchool/490CPU/GroupProject/GroupProject.srcs/constrs_1/imports/basys3_master/Basys3_Master.xdc:117]
Resolution: If [get_<value>] was used to populate the object, check to make sure this command returns at least one valid object.
WARNING: [Vivado 12-584] No ports matched 'btnR'. [C:/Users/kamin/Documents/aaaSchool/490CPU/GroupProject/GroupProject.srcs/constrs_1/imports/basys3_master/Basys3_Master.xdc:118]
CRITICAL WARNING: [Common 17-55] 'set_property' expects at least one object. [C:/Users/kamin/Documents/aaaSchool/490CPU/GroupProject/GroupProject.srcs/constrs_1/imports/basys3_master/Basys3_Master.xdc:118]
Resolution: If [get_<value>] was used to populate the object, check to make sure this command returns at least one valid object.
WARNING: [Vivado 12-584] No ports matched 'btnD'. [C:/Users/kamin/Documents/aaaSchool/490CPU/GroupProject/GroupProject.srcs/constrs_1/imports/basys3_master/Basys3_Master.xdc:119]
CRITICAL WARNING: [Common 17-55] 'set_property' expects at least one object. [C:/Users/kamin/Documents/aaaSchool/490CPU/GroupProject/GroupProject.srcs/constrs_1/imports/basys3_master/Basys3_Master.xdc:119]
Resolution: If [get_<value>] was used to populate the object, check to make sure this command returns at least one valid object.
WARNING: [Vivado 12-584] No ports matched 'btnD'. [C:/Users/kamin/Documents/aaaSchool/490CPU/GroupProject/GroupProject.srcs/constrs_1/imports/basys3_master/Basys3_Master.xdc:120]
CRITICAL WARNING: [Common 17-55] 'set_property' expects at least one object. [C:/Users/kamin/Documents/aaaSchool/490CPU/GroupProject/GroupProject.srcs/constrs_1/imports/basys3_master/Basys3_Master.xdc:120]
Resolution: If [get_<value>] was used to populate the object, check to make sure this command returns at least one valid object.
Finished Parsing XDC File [C:/Users/kamin/Documents/aaaSchool/490CPU/GroupProject/GroupProject.srcs/constrs_1/imports/basys3_master/Basys3_Master.xdc]
INFO: [Project 1-236] Implementation specific constraints were found while reading constraint file [C:/Users/kamin/Documents/aaaSchool/490CPU/GroupProject/GroupProject.srcs/constrs_1/imports/basys3_master/Basys3_Master.xdc]. These constraints will be ignored for synthesis but will be used in implementation. Impacted constraints are listed in the file [.Xil/ALU_propImpl.xdc].
Resolution: To avoid this warning, move constraints listed in [.Xil/ALU_propImpl.xdc] to another XDC file and exclude this new file from synthesis with the used_in_synthesis property (File Properties dialog in GUI) and re-run elaboration/synthesis.
Completed Processing XDC Constraints

INFO: [Project 1-111] Unisim Transformation Summary:
No Unisim elements were transformed.

Constraint Validation Runtime : Time (s): cpu = 00:00:00 ; elapsed = 00:00:00.006 . Memory (MB): peak = 731.484 ; gain = 0.000
---------------------------------------------------------------------------------
Finished Constraint Validation : Time (s): cpu = 00:00:21 ; elapsed = 00:00:23 . Memory (MB): peak = 731.484 ; gain = 473.320
---------------------------------------------------------------------------------
---------------------------------------------------------------------------------
Start Loading Part and Timing Information
---------------------------------------------------------------------------------
Loading part: xc7a35tcpg236-1
---------------------------------------------------------------------------------
Finished Loading Part and Timing Information : Time (s): cpu = 00:00:21 ; elapsed = 00:00:23 . Memory (MB): peak = 731.484 ; gain = 473.320
---------------------------------------------------------------------------------
---------------------------------------------------------------------------------
Start Applying 'set_property' XDC Constraints
---------------------------------------------------------------------------------
---------------------------------------------------------------------------------
Finished applying 'set_property' XDC Constraints : Time (s): cpu = 00:00:21 ; elapsed = 00:00:23 . Memory (MB): peak = 731.484 ; gain = 473.320
---------------------------------------------------------------------------------
INFO: [Synth 8-5587] ROM size for "reg_result" is below threshold of ROM address width. It will be mapped to LUTs
---------------------------------------------------------------------------------
Finished RTL Optimization Phase 2 : Time (s): cpu = 00:00:21 ; elapsed = 00:00:23 . Memory (MB): peak = 731.484 ; gain = 473.320
---------------------------------------------------------------------------------

Report RTL Partitions: 
+-+--------------+------------+----------+
| |RTL Partition |Replication |Instances |
+-+--------------+------------+----------+
+-+--------------+------------+----------+
---------------------------------------------------------------------------------
Start RTL Component Statistics 
---------------------------------------------------------------------------------
Detailed RTL Component Info : 
+---Adders : 
	   2 Input     32 Bit       Adders := 1     
	   3 Input     32 Bit       Adders := 1     
+---XORs : 
	   2 Input     32 Bit         XORs := 1     
+---Registers : 
	               32 Bit    Registers := 1     
+---Muxes : 
	   8 Input     32 Bit        Muxes := 1     
	  16 Input      3 Bit        Muxes := 1     
	   2 Input      1 Bit        Muxes := 1     
	  16 Input      1 Bit        Muxes := 1     
---------------------------------------------------------------------------------
Finished RTL Component Statistics 
---------------------------------------------------------------------------------
---------------------------------------------------------------------------------
Start RTL Hierarchical Component Statistics 
---------------------------------------------------------------------------------
Hierarchical RTL Component report 
Module ALU 
Detailed RTL Component Info : 
+---Adders : 
	   2 Input     32 Bit       Adders := 1     
	   3 Input     32 Bit       Adders := 1     
+---XORs : 
	   2 Input     32 Bit         XORs := 1     
+---Registers : 
	               32 Bit    Registers := 1     
+---Muxes : 
	   8 Input     32 Bit        Muxes := 1     
	  16 Input      3 Bit        Muxes := 1     
	   2 Input      1 Bit        Muxes := 1     
	  16 Input      1 Bit        Muxes := 1     
---------------------------------------------------------------------------------
Finished RTL Hierarchical Component Statistics
---------------------------------------------------------------------------------
---------------------------------------------------------------------------------
Start Part Resource Summary
---------------------------------------------------------------------------------
Part Resources:
DSPs: 90 (col length:60)
BRAMs: 100 (col length: RAMB18 60 RAMB36 30)
---------------------------------------------------------------------------------
Finished Part Resource Summary
---------------------------------------------------------------------------------
---------------------------------------------------------------------------------
Start Cross Boundary and Area Optimization
---------------------------------------------------------------------------------
WARNING: [Synth 8-3331] design ALU has unconnected port pc[31]
WARNING: [Synth 8-3331] design ALU has unconnected port pc[30]
WARNING: [Synth 8-3331] design ALU has unconnected port pc[29]
WARNING: [Synth 8-3331] design ALU has unconnected port pc[28]
WARNING: [Synth 8-3331] design ALU has unconnected port pc[27]
WARNING: [Synth 8-3331] design ALU has unconnected port pc[26]
WARNING: [Synth 8-3331] design ALU has unconnected port pc[25]
WARNING: [Synth 8-3331] design ALU has unconnected port pc[24]
WARNING: [Synth 8-3331] design ALU has unconnected port pc[23]
WARNING: [Synth 8-3331] design ALU has unconnected port pc[22]
WARNING: [Synth 8-3331] design ALU has unconnected port pc[21]
WARNING: [Synth 8-3331] design ALU has unconnected port pc[20]
WARNING: [Synth 8-3331] design ALU has unconnected port pc[19]
WARNING: [Synth 8-3331] design ALU has unconnected port pc[18]
WARNING: [Synth 8-3331] design ALU has unconnected port pc[17]
WARNING: [Synth 8-3331] design ALU has unconnected port pc[16]
WARNING: [Synth 8-3331] design ALU has unconnected port pc[15]
WARNING: [Synth 8-3331] design ALU has unconnected port pc[14]
WARNING: [Synth 8-3331] design ALU has unconnected port pc[13]
WARNING: [Synth 8-3331] design ALU has unconnected port pc[12]
WARNING: [Synth 8-3331] design ALU has unconnected port pc[11]
WARNING: [Synth 8-3331] design ALU has unconnected port pc[10]
WARNING: [Synth 8-3331] design ALU has unconnected port pc[9]
WARNING: [Synth 8-3331] design ALU has unconnected port pc[8]
WARNING: [Synth 8-3331] design ALU has unconnected port pc[7]
WARNING: [Synth 8-3331] design ALU has unconnected port pc[6]
WARNING: [Synth 8-3331] design ALU has unconnected port pc[5]
WARNING: [Synth 8-3331] design ALU has unconnected port pc[4]
WARNING: [Synth 8-3331] design ALU has unconnected port pc[3]
WARNING: [Synth 8-3331] design ALU has unconnected port pc[2]
WARNING: [Synth 8-3331] design ALU has unconnected port pc[1]
WARNING: [Synth 8-3331] design ALU has unconnected port pc[0]
---------------------------------------------------------------------------------
Finished Cross Boundary and Area Optimization : Time (s): cpu = 00:00:22 ; elapsed = 00:00:24 . Memory (MB): peak = 731.484 ; gain = 473.320
---------------------------------------------------------------------------------

Report RTL Partitions: 
+-+--------------+------------+----------+
| |RTL Partition |Replication |Instances |
+-+--------------+------------+----------+
+-+--------------+------------+----------+
---------------------------------------------------------------------------------
Start Applying XDC Timing Constraints
---------------------------------------------------------------------------------
---------------------------------------------------------------------------------
Finished Applying XDC Timing Constraints : Time (s): cpu = 00:00:34 ; elapsed = 00:00:36 . Memory (MB): peak = 737.273 ; gain = 479.109
---------------------------------------------------------------------------------
---------------------------------------------------------------------------------
Start Timing Optimization
---------------------------------------------------------------------------------
---------------------------------------------------------------------------------
Finished Timing Optimization : Time (s): cpu = 00:00:34 ; elapsed = 00:00:36 . Memory (MB): peak = 737.570 ; gain = 479.406
---------------------------------------------------------------------------------

Report RTL Partitions: 
+-+--------------+------------+----------+
| |RTL Partition |Replication |Instances |
+-+--------------+------------+----------+
+-+--------------+------------+----------+
---------------------------------------------------------------------------------
Start Technology Mapping
---------------------------------------------------------------------------------
---------------------------------------------------------------------------------
Finished Technology Mapping : Time (s): cpu = 00:00:34 ; elapsed = 00:00:36 . Memory (MB): peak = 758.809 ; gain = 500.645
---------------------------------------------------------------------------------

Report RTL Partitions: 
+-+--------------+------------+----------+
| |RTL Partition |Replication |Instances |
+-+--------------+------------+----------+
+-+--------------+------------+----------+
---------------------------------------------------------------------------------
Start IO Insertion
---------------------------------------------------------------------------------
---------------------------------------------------------------------------------
Start Flattening Before IO Insertion
---------------------------------------------------------------------------------
---------------------------------------------------------------------------------
Finished Flattening Before IO Insertion
---------------------------------------------------------------------------------
---------------------------------------------------------------------------------
Start Final Netlist Cleanup
---------------------------------------------------------------------------------
---------------------------------------------------------------------------------
Finished Final Netlist Cleanup
---------------------------------------------------------------------------------
---------------------------------------------------------------------------------
Finished IO Insertion : Time (s): cpu = 00:00:35 ; elapsed = 00:00:37 . Memory (MB): peak = 758.809 ; gain = 500.645
---------------------------------------------------------------------------------

Report Check Netlist: 
+------+------------------+-------+---------+-------+------------------+
|      |Item              |Errors |Warnings |Status |Description       |
+------+------------------+-------+---------+-------+------------------+
|1     |multi_driven_nets |      0|        0|Passed |Multi driven nets |
+------+------------------+-------+---------+-------+------------------+
---------------------------------------------------------------------------------
Start Renaming Generated Instances
---------------------------------------------------------------------------------
---------------------------------------------------------------------------------
Finished Renaming Generated Instances : Time (s): cpu = 00:00:35 ; elapsed = 00:00:37 . Memory (MB): peak = 758.809 ; gain = 500.645
---------------------------------------------------------------------------------

Report RTL Partitions: 
+-+--------------+------------+----------+
| |RTL Partition |Replication |Instances |
+-+--------------+------------+----------+
+-+--------------+------------+----------+
---------------------------------------------------------------------------------
Start Rebuilding User Hierarchy
---------------------------------------------------------------------------------
---------------------------------------------------------------------------------
Finished Rebuilding User Hierarchy : Time (s): cpu = 00:00:35 ; elapsed = 00:00:37 . Memory (MB): peak = 758.809 ; gain = 500.645
---------------------------------------------------------------------------------
---------------------------------------------------------------------------------
Start Renaming Generated Ports
---------------------------------------------------------------------------------
---------------------------------------------------------------------------------
Finished Renaming Generated Ports : Time (s): cpu = 00:00:35 ; elapsed = 00:00:37 . Memory (MB): peak = 758.809 ; gain = 500.645
---------------------------------------------------------------------------------
---------------------------------------------------------------------------------
Start Handling Custom Attributes
---------------------------------------------------------------------------------
---------------------------------------------------------------------------------
Finished Handling Custom Attributes : Time (s): cpu = 00:00:35 ; elapsed = 00:00:37 . Memory (MB): peak = 758.809 ; gain = 500.645
---------------------------------------------------------------------------------
---------------------------------------------------------------------------------
Start Renaming Generated Nets
---------------------------------------------------------------------------------
---------------------------------------------------------------------------------
Finished Renaming Generated Nets : Time (s): cpu = 00:00:35 ; elapsed = 00:00:37 . Memory (MB): peak = 758.809 ; gain = 500.645
---------------------------------------------------------------------------------
---------------------------------------------------------------------------------
Start Writing Synthesis Report
---------------------------------------------------------------------------------

Report BlackBoxes: 
+-+--------------+----------+
| |BlackBox name |Instances |
+-+--------------+----------+
+-+--------------+----------+

Report Cell Usage: 
+------+-------+------+
|      |Cell   |Count |
+------+-------+------+
|1     |BUFG   |     1|
|2     |CARRY4 |    20|
|3     |LUT2   |    65|
|4     |LUT3   |     1|
|5     |LUT4   |    37|
|6     |LUT5   |     1|
|7     |LUT6   |    64|
|8     |FDRE   |    32|
|9     |IBUF   |    70|
|10    |OBUF   |    32|
+------+-------+------+

Report Instance Areas: 
+------+---------+-------+------+
|      |Instance |Module |Cells |
+------+---------+-------+------+
|1     |top      |       |   323|
+------+---------+-------+------+
---------------------------------------------------------------------------------
Finished Writing Synthesis Report : Time (s): cpu = 00:00:35 ; elapsed = 00:00:37 . Memory (MB): peak = 758.809 ; gain = 500.645
---------------------------------------------------------------------------------
Synthesis finished with 0 errors, 0 critical warnings and 32 warnings.
Synthesis Optimization Runtime : Time (s): cpu = 00:00:21 ; elapsed = 00:00:30 . Memory (MB): peak = 758.809 ; gain = 179.535
Synthesis Optimization Complete : Time (s): cpu = 00:00:35 ; elapsed = 00:00:37 . Memory (MB): peak = 758.809 ; gain = 500.645
INFO: [Project 1-571] Translating synthesized netlist
INFO: [Netlist 29-17] Analyzing 90 Unisim elements for replacement
INFO: [Netlist 29-28] Unisim Transformation completed in 0 CPU seconds
INFO: [Project 1-570] Preparing netlist for logic optimization
INFO: [Opt 31-138] Pushed 0 inverter(s) to 0 load pin(s).
INFO: [Project 1-111] Unisim Transformation Summary:
No Unisim elements were transformed.

INFO: [Common 17-83] Releasing license: Synthesis
15 Infos, 162 Warnings, 98 Critical Warnings and 0 Errors encountered.
synth_design completed successfully
synth_design: Time (s): cpu = 00:00:37 ; elapsed = 00:00:41 . Memory (MB): peak = 758.809 ; gain = 512.816
INFO: [Common 17-1381] The checkpoint 'C:/Users/kamin/Documents/aaaSchool/490CPU/GroupProject/GroupProject.runs/synth_1/ALU.dcp' has been generated.
INFO: [runtcl-4] Executing : report_utilization -file ALU_utilization_synth.rpt -pb ALU_utilization_synth.pb
report_utilization: Time (s): cpu = 00:00:00 ; elapsed = 00:00:00.032 . Memory (MB): peak = 758.809 ; gain = 0.000
INFO: [Common 17-206] Exiting Vivado at Sat Apr 28 19:17:08 2018...
